Using pre-set license

 COMMAND LINE ARGUMENTS:
/Applications/Unity/Hub/Editor/2020.3.4f1/Unity.app/Contents/MacOS/Unity
-adb2
-batchMode
-noUpm
-name
AssetImportWorker0
-projectPath
/Users/jisubin/Desktop/XR콘텐츠개발자과정/수업자료/2D Shooting/MyShooting
-logFile
Logs/AssetImportWorker0.log
-srvPort
58035
Successfully changed project path to: /Users/jisubin/Desktop/XR콘텐츠개발자과정/수업자료/2D Shooting/MyShooting
/Users/jisubin/Desktop/XR콘텐츠개발자과정/수업자료/2D Shooting/MyShooting
Using Asset Import Pipeline V2.
Refreshing native plugins compatible for Editor in 32.19 ms, found 1 plugins.
Preloading 0 native plugins for Editor in 0.00 ms.
Initialize engine version: 2020.3.4f1 (0abb6314276a)
[Subsystems] Discovering subsystems at path /Applications/Unity/Hub/Editor/2020.3.4f1/Unity.app/Contents/Resources/UnitySubsystems
[Subsystems] Discovering subsystems at path /Users/jisubin/Desktop/XR콘텐츠개발자과정/수업자료/2D Shooting/MyShooting/Assets
GfxDevice: creating device client; threaded=0
2022-01-18 03:31:19.825 Unity[39145:5311555] Color LCD preferred device: Intel(R) UHD Graphics 630 (low power)
2022-01-18 03:31:19.825 Unity[39145:5311555] Metal devices available: 2
2022-01-18 03:31:19.825 Unity[39145:5311555] 0: AMD Radeon Pro 5300M (high power)
2022-01-18 03:31:19.825 Unity[39145:5311555] 1: Intel(R) UHD Graphics 630 (low power)
2022-01-18 03:31:19.826 Unity[39145:5311555] Using device AMD Radeon Pro 5300M (high power)
Initializing Metal device caps: AMD Radeon Pro 5300M
Initialize mono
Mono path[0] = '/Applications/Unity/Hub/Editor/2020.3.4f1/Unity.app/Contents/Managed'
Mono path[1] = '/Applications/Unity/Hub/Editor/2020.3.4f1/Unity.app/Contents/MonoBleedingEdge/lib/mono/unityjit'
Mono config path = '/Applications/Unity/Hub/Editor/2020.3.4f1/Unity.app/Contents/MonoBleedingEdge/etc'
Using monoOptions --debugger-agent=transport=dt_socket,embedding=1,server=y,suspend=n,address=127.0.0.1:56145
Begin MonoManager ReloadAssembly
Registering precompiled unity dll's ...
Register platform support module: /Applications/Unity/Hub/Editor/2020.3.4f1/Unity.app/Contents/PlaybackEngines/MacStandaloneSupport/UnityEditor.OSXStandalone.Extensions.dll
Register platform support module: /Applications/Unity/Hub/Editor/2020.3.4f1/PlaybackEngines/WindowsStandaloneSupport/UnityEditor.WindowsStandalone.Extensions.dll
Registered in 0.041228 seconds.
Native extension for WindowsStandalone target not found
Native extension for OSXStandalone target not found
Refreshing native plugins compatible for Editor in 24.97 ms, found 1 plugins.
Preloading 0 native plugins for Editor in 0.00 ms.
Mono: successfully reloaded assembly
- Completed reload, in  2.270 seconds
Platform modules already initialized, skipping
Registering precompiled user dll's ...
Registered in 0.001144 seconds.
Begin MonoManager ReloadAssembly
Native extension for WindowsStandalone target not found
Native extension for OSXStandalone target not found
Refreshing native plugins compatible for Editor in 0.22 ms, found 1 plugins.
Preloading 0 native plugins for Editor in 0.00 ms.
Mono: successfully reloaded assembly
- Completed reload, in  1.206 seconds
Platform modules already initialized, skipping
========================================================================
Worker process is ready to serve import requests
Launching external process: /Applications/Unity/Hub/Editor/2020.3.4f1/Unity.app/Contents/Tools/UnityShaderCompiler
Launched and connected shader compiler UnityShaderCompiler after 0.01 seconds
Refreshing native plugins compatible for Editor in 0.27 ms, found 1 plugins.
Preloading 0 native plugins for Editor in 0.00 ms.
Unloading 1131 Unused Serialized files (Serialized files now loaded: 0)
System memory in use before: 112.5 MB.
System memory in use after: 112.6 MB.

Unloading 9 unused Assets to reduce memory usage. Loaded Objects now: 1578.
Total: 2.082682 ms (FindLiveObjects: 0.169028 ms CreateObjectMapping: 0.046885 ms MarkObjects: 1.754205 ms  DeleteObjects: 0.111476 ms)

========================================================================
Received Import Request.
  path: Assets/StarSparrow/Readme/ReadmeStarSparrow.asset
  artifactKey: Guid(831b6df9656715346bac250feaa321a7) Importer(815301076,1909f56bfc062723c751e8b465ee728b)
Start importing Assets/StarSparrow/Readme/ReadmeStarSparrow.asset using Guid(831b6df9656715346bac250feaa321a7) Importer(815301076,1909f56bfc062723c751e8b465ee728b)  -> (artifact id: '54b2fae22cc59cc46e323d1c6bb8f186') in 1.235730 seconds
  Import took 1.237922 seconds .

========================================================================
Received Import Request.
  Time since last request: 101.092620 seconds.
  path: Assets/Scripts/Background.cs
  artifactKey: Guid(d5f6f5ced72942942aa906d7c9bfa4de) Importer(815301076,1909f56bfc062723c751e8b465ee728b)
Start importing Assets/Scripts/Background.cs using Guid(d5f6f5ced72942942aa906d7c9bfa4de) Importer(815301076,1909f56bfc062723c751e8b465ee728b)  -> (artifact id: '1e1632ae3be8e26fec0a14903d3fe7e1') in 0.396468 seconds
  Import took 0.398571 seconds .

========================================================================
Received Import Request.
  Time since last request: 1.683681 seconds.
  path: Assets/Scripts/DestroyZone.cs
  artifactKey: Guid(14198cf595d0ded40addf42f5442bf6b) Importer(815301076,1909f56bfc062723c751e8b465ee728b)
Start importing Assets/Scripts/DestroyZone.cs using Guid(14198cf595d0ded40addf42f5442bf6b) Importer(815301076,1909f56bfc062723c751e8b465ee728b)  -> (artifact id: '7fdd4aee0925e5b0f1ac99c3e4e9fcd7') in 0.003951 seconds
  Import took 0.006544 seconds .

========================================================================
Received Import Request.
  Time since last request: 0.003089 seconds.
  path: Assets/Scripts/DestroyZone.cs
  artifactKey: Guid(14198cf595d0ded40addf42f5442bf6b) Importer(815301076,1909f56bfc062723c751e8b465ee728b)
Start importing Assets/Scripts/DestroyZone.cs using Guid(14198cf595d0ded40addf42f5442bf6b) Importer(815301076,1909f56bfc062723c751e8b465ee728b)  -> (artifact id: '7fdd4aee0925e5b0f1ac99c3e4e9fcd7') in 0.002646 seconds
  Import took 0.005981 seconds .

========================================================================
Received Import Request.
  Time since last request: 0.726792 seconds.
  path: Assets/Scripts/Enemy.cs
  artifactKey: Guid(1b200f872108b0546b97bd21778972f6) Importer(815301076,1909f56bfc062723c751e8b465ee728b)
Start importing Assets/Scripts/Enemy.cs using Guid(1b200f872108b0546b97bd21778972f6) Importer(815301076,1909f56bfc062723c751e8b465ee728b)  -> (artifact id: '039db21d974255cdd9854f2492b5be0d') in 0.002930 seconds
  Import took 0.005426 seconds .

========================================================================
Received Import Request.
  Time since last request: 0.001420 seconds.
  path: Assets/Scripts/Enemy.cs
  artifactKey: Guid(1b200f872108b0546b97bd21778972f6) Importer(815301076,1909f56bfc062723c751e8b465ee728b)
Start importing Assets/Scripts/Enemy.cs using Guid(1b200f872108b0546b97bd21778972f6) Importer(815301076,1909f56bfc062723c751e8b465ee728b)  -> (artifact id: '039db21d974255cdd9854f2492b5be0d') in 0.001745 seconds
  Import took 0.003696 seconds .

========================================================================
Received Import Request.
  Time since last request: 1.257235 seconds.
  path: Assets/Scripts/Enemy4Fire.cs
  artifactKey: Guid(162463d9198b3a24fa5dda496c555c89) Importer(815301076,1909f56bfc062723c751e8b465ee728b)
Start importing Assets/Scripts/Enemy4Fire.cs using Guid(162463d9198b3a24fa5dda496c555c89) Importer(815301076,1909f56bfc062723c751e8b465ee728b)  -> (artifact id: '275c2bc474b1c18187b31f36844c34c6') in 0.003443 seconds
  Import took 0.006620 seconds .

========================================================================
Received Import Request.
  Time since last request: 0.829145 seconds.
  path: Assets/Scripts/Enemy3Fire.cs
  artifactKey: Guid(b9e39373c99a0a1429737e67461d1487) Importer(815301076,1909f56bfc062723c751e8b465ee728b)
Start importing Assets/Scripts/Enemy3Fire.cs using Guid(b9e39373c99a0a1429737e67461d1487) Importer(815301076,1909f56bfc062723c751e8b465ee728b)  -> (artifact id: '56b93d389dd0a29aad81e4845b21de60') in 0.002902 seconds
  Import took 0.005268 seconds .

========================================================================
Received Import Request.
  Time since last request: 1.429266 seconds.
  path: Assets/Scripts/Enemy3.cs
  artifactKey: Guid(7e62eb8a609e14c45baecd4136ba0398) Importer(815301076,1909f56bfc062723c751e8b465ee728b)
Start importing Assets/Scripts/Enemy3.cs using Guid(7e62eb8a609e14c45baecd4136ba0398) Importer(815301076,1909f56bfc062723c751e8b465ee728b)  -> (artifact id: '1faf086990bce14578a527597556bd29') in 0.003186 seconds
  Import took 0.005445 seconds .

========================================================================
Received Import Request.
  Time since last request: 1.074578 seconds.
  path: Assets/Scripts/EnemyFire.cs
  artifactKey: Guid(071f0adc4aedb3e4f86260bbf24c544d) Importer(815301076,1909f56bfc062723c751e8b465ee728b)
Start importing Assets/Scripts/EnemyFire.cs using Guid(071f0adc4aedb3e4f86260bbf24c544d) Importer(815301076,1909f56bfc062723c751e8b465ee728b)  -> (artifact id: '7906e054473e53ea1dafb9d60eab14bc') in 0.002420 seconds
  Import took 0.004956 seconds .

========================================================================
Received Import Request.
  Time since last request: 0.646432 seconds.
  path: Assets/Scripts/PlayerBullet.cs
  artifactKey: Guid(f2b0580211fb88a4a895351eb8a82e82) Importer(815301076,1909f56bfc062723c751e8b465ee728b)
Start importing Assets/Scripts/PlayerBullet.cs using Guid(f2b0580211fb88a4a895351eb8a82e82) Importer(815301076,1909f56bfc062723c751e8b465ee728b)  -> (artifact id: 'fc651bed3980c48351ff18333aa106dd') in 0.002467 seconds
  Import took 0.004954 seconds .

========================================================================
Received Import Request.
  Time since last request: 0.752545 seconds.
  path: Assets/Scripts/PlayerFire.cs
  artifactKey: Guid(e80ed6dbfb840704484ca89537f708c6) Importer(815301076,1909f56bfc062723c751e8b465ee728b)
Start importing Assets/Scripts/PlayerFire.cs using Guid(e80ed6dbfb840704484ca89537f708c6) Importer(815301076,1909f56bfc062723c751e8b465ee728b)  -> (artifact id: '25bd61814fb0a36316b4b616fc44bcd1') in 0.003485 seconds
  Import took 0.007241 seconds .

========================================================================
Received Import Request.
  Time since last request: 1.767432 seconds.
  path: Assets/Scripts/SpawnManager.cs
  artifactKey: Guid(8a68b3ecfa0f2f5499fd656c95ae7dfb) Importer(815301076,1909f56bfc062723c751e8b465ee728b)
Start importing Assets/Scripts/SpawnManager.cs using Guid(8a68b3ecfa0f2f5499fd656c95ae7dfb) Importer(815301076,1909f56bfc062723c751e8b465ee728b)  -> (artifact id: '01fc7b24e692882a479496918c862d42') in 0.003315 seconds
  Import took 0.005893 seconds .

========================================================================
Received Import Request.
  Time since last request: 0.001663 seconds.
  path: Assets/Scripts/SpawnManager.cs
  artifactKey: Guid(8a68b3ecfa0f2f5499fd656c95ae7dfb) Importer(815301076,1909f56bfc062723c751e8b465ee728b)
Start importing Assets/Scripts/SpawnManager.cs using Guid(8a68b3ecfa0f2f5499fd656c95ae7dfb) Importer(815301076,1909f56bfc062723c751e8b465ee728b)  -> (artifact id: '01fc7b24e692882a479496918c862d42') in 0.003761 seconds
  Import took 0.006616 seconds .

========================================================================
Received Prepare
Registering precompiled user dll's ...
Registered in 0.000401 seconds.
Begin MonoManager ReloadAssembly
Native extension for WindowsStandalone target not found
Native extension for OSXStandalone target not found
Refreshing native plugins compatible for Editor in 0.20 ms, found 1 plugins.
Preloading 0 native plugins for Editor in 0.00 ms.
Mono: successfully reloaded assembly
- Completed reload, in  0.929 seconds
Platform modules already initialized, skipping
Refreshing native plugins compatible for Editor in 0.21 ms, found 1 plugins.
Preloading 0 native plugins for Editor in 0.00 ms.
Unloading 1126 Unused Serialized files (Serialized files now loaded: 0)
System memory in use before: 121.4 MB.
System memory in use after: 121.5 MB.

Unloading 4 unused Assets to reduce memory usage. Loaded Objects now: 1581.
Total: 2.347494 ms (FindLiveObjects: 0.289067 ms CreateObjectMapping: 0.088245 ms MarkObjects: 1.949254 ms  DeleteObjects: 0.018631 ms)

AssetImportWorkerClient::OnTransportError - code=2 error=End of file
